16:06:19: LOD config summary:
16:06:19:  - lodConfig.strategy=distance_box
16:06:19:  - lodConfig.levels[0].distance=300
16:06:19:  - lodConfig.levels[0].reductionMethod=VRM_PROPORTIONAL
16:06:19:  - lodConfig.levels[0].reductionValue=0.4
16:06:19:  - lodConfig.levels[0].manualMeshName=N/A
16:06:19:  - lodConfig.levels[1].distance=600
16:06:19:  - lodConfig.levels[1].reductionMethod=VRM_PROPORTIONAL
16:06:19:  - lodConfig.levels[1].reductionValue=0.8
16:06:19:  - lodConfig.levels[1].manualMeshName=N/A
16:06:19:  - lodConfig.levels[2].distance=900
16:06:19:  - lodConfig.levels[2].reductionMethod=VRM_PROPORTIONAL
16:06:19:  - lodConfig.levels[2].reductionValue=1.2
16:06:19:  - lodConfig.levels[2].manualMeshName=N/A
16:06:19: Generating LOD levels...
16:06:20: Generating LOD levels... success
16:06:20: MeshSerializer writing mesh data to stream C:\Users\jacob\OneDrive\Escritorio\Juego\Juego_de_autos\Motor\Bin\Assets\Mesh\AllTrack.mesh...
16:06:20: File header written.
16:06:20: Writing mesh data...
16:06:20: Writing submesh...
16:06:20: Exporting submesh texture aliases...
16:06:20: Submesh texture aliases exported.
16:06:20: Submesh exported.
16:06:20: Writing submesh...
16:06:20: Exporting submesh texture aliases...
16:06:20: Submesh texture aliases exported.
16:06:20: Submesh exported.
16:06:20: Writing submesh...
16:06:20: Exporting submesh texture aliases...
16:06:20: Submesh texture aliases exported.
16:06:20: Submesh exported.
16:06:20: Writing submesh...
16:06:20: Exporting submesh texture aliases...
16:06:20: Submesh texture aliases exported.
16:06:20: Submesh exported.
16:06:20: Writing submesh...
16:06:20: Exporting submesh texture aliases...
16:06:20: Submesh texture aliases exported.
16:06:20: Submesh exported.
16:06:20: Writing submesh...
16:06:20: Exporting submesh texture aliases...
16:06:20: Submesh texture aliases exported.
16:06:20: Submesh exported.
16:06:20: Writing submesh...
16:06:20: Exporting submesh texture aliases...
16:06:20: Submesh texture aliases exported.
16:06:20: Submesh exported.
16:06:20: Writing submesh...
16:06:20: Exporting submesh texture aliases...
16:06:20: Submesh texture aliases exported.
16:06:20: Submesh exported.
16:06:20: Writing submesh...
16:06:20: Exporting submesh texture aliases...
16:06:20: Submesh texture aliases exported.
16:06:20: Submesh exported.
16:06:20: Writing submesh...
16:06:20: Exporting submesh texture aliases...
16:06:20: Submesh texture aliases exported.
16:06:20: Submesh exported.
16:06:20: Writing submesh...
16:06:20: Exporting submesh texture aliases...
16:06:20: Submesh texture aliases exported.
16:06:20: Submesh exported.
16:06:20: Writing submesh...
16:06:20: Exporting submesh texture aliases...
16:06:20: Submesh texture aliases exported.
16:06:20: Submesh exported.
16:06:20: Writing submesh...
16:06:20: Exporting submesh texture aliases...
16:06:20: Submesh texture aliases exported.
16:06:20: Submesh exported.
16:06:20: Writing submesh...
16:06:20: Exporting submesh texture aliases...
16:06:20: Submesh texture aliases exported.
16:06:20: Submesh exported.
16:06:20: Writing submesh...
16:06:20: Exporting submesh texture aliases...
16:06:20: Submesh texture aliases exported.
16:06:20: Submesh exported.
16:06:20: Writing submesh...
16:06:20: Exporting submesh texture aliases...
16:06:20: Submesh texture aliases exported.
16:06:20: Submesh exported.
16:06:20: Exporting LOD information....
16:06:20: LOD information exported.
16:06:20: Exporting bounds information....
16:06:20: Bounds information exported.
16:06:20: Exporting submesh name table...
16:06:20: Submesh name table exported.
16:06:20: Mesh data exported.
16:06:20: MeshSerializer export successful.
