11:59:36: XMLMeshSerializer reading mesh data from C:\Users\jacob\OneDrive\Escritorio\Juego\Juego_de_autos\Motor\Bin\Assets\Mesh\Terrain.mesh.xml...
11:59:36: Reading geometry...
11:59:36: Geometry done...
11:59:36: Reading submeshes...
11:59:36: Submeshes done.
11:59:36: Reading mesh names...
11:59:36: Mesh names done.
11:59:36: XMLMeshSerializer import successful.
11:59:36: MeshSerializer writing mesh data to stream C:\Users\jacob\OneDrive\Escritorio\Juego\Juego_de_autos\Motor\Bin\Assets\Mesh\Terrain.mesh...
11:59:36: File header written.
11:59:36: Writing mesh data...
11:59:36: Writing submesh...
11:59:36: Exporting submesh texture aliases...
11:59:36: Submesh texture aliases exported.
11:59:36: Submesh exported.
11:59:36: Writing submesh...
11:59:36: Exporting submesh texture aliases...
11:59:36: Submesh texture aliases exported.
11:59:36: Submesh exported.
11:59:36: Exporting bounds information....
11:59:36: Bounds information exported.
11:59:36: Exporting submesh name table...
11:59:36: Submesh name table exported.
11:59:36: Mesh data exported.
11:59:36: MeshSerializer export successful.
