12:24:04: XMLMeshSerializer reading mesh data from C:\Users\jacob\OneDrive\Escritorio\Juego\Juego_de_autos\Motor\Bin\Assets\Mesh\Area01\Area01_RoadWalls.mesh.xml...
12:24:04: Reading geometry...
12:24:04: Geometry done...
12:24:04: Reading submeshes...
12:24:04: Submeshes done.
12:24:04: Reading mesh names...
12:24:04: Mesh names done.
12:24:04: XMLMeshSerializer import successful.
12:24:04: MeshSerializer writing mesh data to stream C:\Users\jacob\OneDrive\Escritorio\Juego\Juego_de_autos\Motor\Bin\Assets\Mesh\Area01\Area01_RoadWalls.mesh...
12:24:04: File header written.
12:24:04: Writing mesh data...
12:24:04: Writing submesh...
12:24:04: Exporting submesh texture aliases...
12:24:04: Submesh texture aliases exported.
12:24:04: Submesh exported.
12:24:04: Exporting bounds information....
12:24:04: Bounds information exported.
12:24:04: Exporting submesh name table...
12:24:04: Submesh name table exported.
12:24:04: Mesh data exported.
12:24:04: MeshSerializer export successful.
