14:30:24: XMLMeshSerializer reading mesh data from C:\Users\jacob\OneDrive\Escritorio\Juego-De-Autos\Juego_de_autos\Motor\Bin\Assets\Mesh\FinalTrack\WaterPlane.mesh.xml...
14:30:24: Reading geometry...
14:30:24: Geometry done...
14:30:24: Reading submeshes...
14:30:24: Submeshes done.
14:30:24: Reading mesh names...
14:30:24: Mesh names done.
14:30:24: XMLMeshSerializer import successful.
14:30:24: MeshSerializer writing mesh data to stream C:\Users\jacob\OneDrive\Escritorio\Juego-De-Autos\Juego_de_autos\Motor\Bin\Assets\Mesh\FinalTrack\WaterPlane.mesh...
14:30:24: File header written.
14:30:24: Writing mesh data...
14:30:24: Writing submesh...
14:30:24: Exporting submesh texture aliases...
14:30:24: Submesh texture aliases exported.
14:30:24: Submesh exported.
14:30:24: Exporting bounds information....
14:30:24: Bounds information exported.
14:30:24: Exporting submesh name table...
14:30:24: Submesh name table exported.
14:30:24: Mesh data exported.
14:30:24: MeshSerializer export successful.
