18:09:19: XMLMeshSerializer reading mesh data from C:\Users\jacob\OneDrive\Escritorio\Juego\Juego_de_autos\Motor\Bin\Assets\Mesh\Cars\Stinger.mesh.xml...
18:09:19: Reading geometry...
18:09:19: Geometry done...
18:09:19: Reading submeshes...
18:09:19: Submeshes done.
18:09:19: Reading mesh names...
18:09:19: Mesh names done.
18:09:19: XMLMeshSerializer import successful.
18:09:19: MeshSerializer writing mesh data to stream C:\Users\jacob\OneDrive\Escritorio\Juego\Juego_de_autos\Motor\Bin\Assets\Mesh\Cars\Stinger.mesh...
18:09:19: File header written.
18:09:19: Writing mesh data...
18:09:19: Writing submesh...
18:09:19: Exporting submesh texture aliases...
18:09:19: Submesh texture aliases exported.
18:09:19: Submesh exported.
18:09:19: Exporting bounds information....
18:09:19: Bounds information exported.
18:09:19: Exporting submesh name table...
18:09:19: Submesh name table exported.
18:09:19: Mesh data exported.
18:09:19: MeshSerializer export successful.
