21:36:39: Creating resource group General
21:36:39: Creating resource group OgreInternal
21:36:39: Creating resource group OgreAutodetect
21:36:39: SceneManagerFactory for type 'DefaultSceneManager' registered.
21:36:39: Registering ResourceManager for type Material
21:36:39: Registering ResourceManager for type Mesh
21:36:39: Registering ResourceManager for type Skeleton
21:36:39: MovableObjectFactory for type 'ParticleSystem' registered.
21:36:39: ArchiveFactory for type 'FileSystem' registered
21:36:39: ArchiveFactory for type 'Zip' registered
21:36:39: ArchiveFactory for type 'EmbeddedZip' registered
21:36:39: DDS codec registering
21:36:39: ETC codec registering
21:36:39: ASTC codec registering
21:36:39: Registering ResourceManager for type GpuProgram
21:36:39: Registering ResourceManager for type Compositor
21:36:39: MovableObjectFactory for type 'Entity' registered.
21:36:39: MovableObjectFactory for type 'Light' registered.
21:36:39: MovableObjectFactory for type 'BillboardSet' registered.
21:36:39: MovableObjectFactory for type 'ManualObject' registered.
21:36:39: MovableObjectFactory for type 'BillboardChain' registered.
21:36:39: MovableObjectFactory for type 'RibbonTrail' registered.
21:36:39: MovableObjectFactory for type 'StaticGeometry' registered.
21:36:39: MovableObjectFactory for type 'Rectangle2D' registered.
21:36:39: Error: Cannot open file: plugins.cfg - skipping automatic plugin loading
21:36:39: *-*-* OGRE Initialising
21:36:39: *-*-* Version 13.6.1 (Tsathoggua)
