11:52:59: LOD config summary:
11:52:59:  - lodConfig.strategy=distance_box
11:52:59:  - lodConfig.levels[0].distance=1200
11:52:59:  - lodConfig.levels[0].reductionMethod=VRM_PROPORTIONAL
11:52:59:  - lodConfig.levels[0].reductionValue=0.2
11:52:59:  - lodConfig.levels[0].manualMeshName=N/A
11:52:59: Generating LOD levels...
11:52:59: Generating LOD levels... success
11:52:59: MeshSerializer writing mesh data to stream C:\Users\jacob\OneDrive\Escritorio\Juego\Juego_de_autos\Motor\Bin\Assets\Mesh\Area05\Area05_Extra.mesh...
11:52:59: File header written.
11:52:59: Writing mesh data...
11:52:59: Writing submesh...
11:52:59: Exporting submesh texture aliases...
11:52:59: Submesh texture aliases exported.
11:52:59: Submesh exported.
11:52:59: Exporting LOD information....
11:52:59: LOD information exported.
11:52:59: Exporting bounds information....
11:52:59: Bounds information exported.
11:52:59: Exporting submesh name table...
11:52:59: Submesh name table exported.
11:52:59: Mesh data exported.
11:52:59: MeshSerializer export successful.
