11:54:22: XMLMeshSerializer reading mesh data from C:\Users\jacob\OneDrive\Escritorio\Juego\Juego_de_autos\Motor\Bin\Assets\Mesh\Area05\Area05_Extra.mesh.xml...
11:54:22: Reading geometry...
11:54:23: Geometry done...
11:54:23: Reading submeshes...
11:54:23: Submeshes done.
11:54:23: Reading mesh names...
11:54:23: Mesh names done.
11:54:23: XMLMeshSerializer import successful.
11:54:23: MeshSerializer writing mesh data to stream C:\Users\jacob\OneDrive\Escritorio\Juego\Juego_de_autos\Motor\Bin\Assets\Mesh\Area05\Area05_Extra.mesh...
11:54:23: File header written.
11:54:23: Writing mesh data...
11:54:23: Writing submesh...
11:54:23: Exporting submesh texture aliases...
11:54:23: Submesh texture aliases exported.
11:54:23: Submesh exported.
11:54:23: Exporting bounds information....
11:54:23: Bounds information exported.
11:54:23: Exporting submesh name table...
11:54:23: Submesh name table exported.
11:54:23: Mesh data exported.
11:54:23: MeshSerializer export successful.
