21:31:31: XMLMeshSerializer reading mesh data from C:\Users\jacob\OneDrive\Escritorio\Motor\Bin\Assets\Mesh\FalconTemp\map.mesh.xml...
21:31:31: Reading geometry...
21:31:32: Geometry done...
21:31:32: Reading submeshes...
21:31:32: Submeshes done.
21:31:32: Reading mesh names...
21:31:32: Mesh names done.
21:31:32: XMLMeshSerializer import successful.
21:31:32: MeshSerializer writing mesh data to stream C:\Users\jacob\OneDrive\Escritorio\Motor\Bin\Assets\Mesh\FalconTemp\map.mesh...
21:31:32: File header written.
21:31:32: Writing mesh data...
21:31:32: Writing submesh...
21:31:32: Exporting submesh texture aliases...
21:31:32: Submesh texture aliases exported.
21:31:32: Submesh exported.
21:31:32: Writing submesh...
21:31:32: Exporting submesh texture aliases...
21:31:32: Submesh texture aliases exported.
21:31:32: Submesh exported.
21:31:32: Writing submesh...
21:31:32: Exporting submesh texture aliases...
21:31:32: Submesh texture aliases exported.
21:31:32: Submesh exported.
21:31:32: Writing submesh...
21:31:32: Exporting submesh texture aliases...
21:31:32: Submesh texture aliases exported.
21:31:32: Submesh exported.
21:31:32: Writing submesh...
21:31:32: Exporting submesh texture aliases...
21:31:32: Submesh texture aliases exported.
21:31:32: Submesh exported.
21:31:32: Writing submesh...
21:31:32: Exporting submesh texture aliases...
21:31:32: Submesh texture aliases exported.
21:31:32: Submesh exported.
21:31:32: Writing submesh...
21:31:32: Exporting submesh texture aliases...
21:31:32: Submesh texture aliases exported.
21:31:32: Submesh exported.
21:31:32: Writing submesh...
21:31:32: Exporting submesh texture aliases...
21:31:32: Submesh texture aliases exported.
21:31:32: Submesh exported.
21:31:32: Writing submesh...
21:31:32: Exporting submesh texture aliases...
21:31:32: Submesh texture aliases exported.
21:31:32: Submesh exported.
21:31:32: Writing submesh...
21:31:32: Exporting submesh texture aliases...
21:31:32: Submesh texture aliases exported.
21:31:32: Submesh exported.
21:31:32: Writing submesh...
21:31:32: Exporting submesh texture aliases...
21:31:32: Submesh texture aliases exported.
21:31:32: Submesh exported.
21:31:32: Writing submesh...
21:31:32: Exporting submesh texture aliases...
21:31:32: Submesh texture aliases exported.
21:31:32: Submesh exported.
21:31:32: Writing submesh...
21:31:32: Exporting submesh texture aliases...
21:31:32: Submesh texture aliases exported.
21:31:32: Submesh exported.
21:31:32: Writing submesh...
21:31:32: Exporting submesh texture aliases...
21:31:32: Submesh texture aliases exported.
21:31:32: Submesh exported.
21:31:32: Writing submesh...
21:31:32: Exporting submesh texture aliases...
21:31:32: Submesh texture aliases exported.
21:31:32: Submesh exported.
21:31:32: Writing submesh...
21:31:32: Exporting submesh texture aliases...
21:31:32: Submesh texture aliases exported.
21:31:32: Submesh exported.
21:31:32: Writing submesh...
21:31:32: Exporting submesh texture aliases...
21:31:32: Submesh texture aliases exported.
21:31:32: Submesh exported.
21:31:32: Writing submesh...
21:31:32: Exporting submesh texture aliases...
21:31:32: Submesh texture aliases exported.
21:31:32: Submesh exported.
21:31:32: Writing submesh...
21:31:32: Exporting submesh texture aliases...
21:31:32: Submesh texture aliases exported.
21:31:32: Submesh exported.
21:31:32: Writing submesh...
21:31:32: Exporting submesh texture aliases...
21:31:32: Submesh texture aliases exported.
21:31:32: Submesh exported.
21:31:32: Writing submesh...
21:31:32: Exporting submesh texture aliases...
21:31:32: Submesh texture aliases exported.
21:31:32: Submesh exported.
21:31:32: Writing submesh...
21:31:32: Exporting submesh texture aliases...
21:31:32: Submesh texture aliases exported.
21:31:32: Submesh exported.
21:31:32: Writing submesh...
21:31:32: Exporting submesh texture aliases...
21:31:32: Submesh texture aliases exported.
21:31:32: Submesh exported.
21:31:32: Writing submesh...
21:31:32: Exporting submesh texture aliases...
21:31:32: Submesh texture aliases exported.
21:31:32: Submesh exported.
21:31:32: Writing submesh...
21:31:32: Exporting submesh texture aliases...
21:31:32: Submesh texture aliases exported.
21:31:32: Submesh exported.
21:31:32: Writing submesh...
21:31:32: Exporting submesh texture aliases...
21:31:32: Submesh texture aliases exported.
21:31:32: Submesh exported.
21:31:32: Writing submesh...
21:31:32: Exporting submesh texture aliases...
21:31:32: Submesh texture aliases exported.
21:31:32: Submesh exported.
21:31:32: Writing submesh...
21:31:32: Exporting submesh texture aliases...
21:31:32: Submesh texture aliases exported.
21:31:32: Submesh exported.
21:31:32: Writing submesh...
21:31:32: Exporting submesh texture aliases...
21:31:32: Submesh texture aliases exported.
21:31:32: Submesh exported.
21:31:32: Writing submesh...
21:31:32: Exporting submesh texture aliases...
21:31:32: Submesh texture aliases exported.
21:31:32: Submesh exported.
21:31:32: Writing submesh...
21:31:32: Exporting submesh texture aliases...
21:31:32: Submesh texture aliases exported.
21:31:32: Submesh exported.
21:31:32: Writing submesh...
21:31:32: Exporting submesh texture aliases...
21:31:32: Submesh texture aliases exported.
21:31:32: Submesh exported.
21:31:32: Writing submesh...
21:31:32: Exporting submesh texture aliases...
21:31:32: Submesh texture aliases exported.
21:31:32: Submesh exported.
21:31:32: Writing submesh...
21:31:32: Exporting submesh texture aliases...
21:31:32: Submesh texture aliases exported.
21:31:32: Submesh exported.
21:31:32: Writing submesh...
21:31:32: Exporting submesh texture aliases...
21:31:32: Submesh texture aliases exported.
21:31:32: Submesh exported.
21:31:32: Writing submesh...
21:31:32: Exporting submesh texture aliases...
21:31:32: Submesh texture aliases exported.
21:31:32: Submesh exported.
21:31:32: Writing submesh...
21:31:32: Exporting submesh texture aliases...
21:31:32: Submesh texture aliases exported.
21:31:32: Submesh exported.
21:31:32: Writing submesh...
21:31:32: Exporting submesh texture aliases...
21:31:32: Submesh texture aliases exported.
21:31:32: Submesh exported.
21:31:32: Writing submesh...
21:31:32: Exporting submesh texture aliases...
21:31:32: Submesh texture aliases exported.
21:31:32: Submesh exported.
21:31:32: Writing submesh...
21:31:32: Exporting submesh texture aliases...
21:31:32: Submesh texture aliases exported.
21:31:32: Submesh exported.
21:31:32: Writing submesh...
21:31:32: Exporting submesh texture aliases...
21:31:32: Submesh texture aliases exported.
21:31:32: Submesh exported.
21:31:32: Writing submesh...
21:31:32: Exporting submesh texture aliases...
21:31:32: Submesh texture aliases exported.
21:31:32: Submesh exported.
21:31:32: Writing submesh...
21:31:32: Exporting submesh texture aliases...
21:31:32: Submesh texture aliases exported.
21:31:32: Submesh exported.
21:31:32: Writing submesh...
21:31:32: Exporting submesh texture aliases...
21:31:32: Submesh texture aliases exported.
21:31:32: Submesh exported.
21:31:32: Writing submesh...
21:31:32: Exporting submesh texture aliases...
21:31:32: Submesh texture aliases exported.
21:31:32: Submesh exported.
21:31:32: Writing submesh...
21:31:32: Exporting submesh texture aliases...
21:31:32: Submesh texture aliases exported.
21:31:32: Submesh exported.
21:31:32: Writing submesh...
21:31:32: Exporting submesh texture aliases...
21:31:32: Submesh texture aliases exported.
21:31:32: Submesh exported.
21:31:32: Writing submesh...
21:31:32: Exporting submesh texture aliases...
21:31:32: Submesh texture aliases exported.
21:31:32: Submesh exported.
21:31:32: Writing submesh...
21:31:32: Exporting submesh texture aliases...
21:31:32: Submesh texture aliases exported.
21:31:32: Submesh exported.
21:31:32: Writing submesh...
21:31:32: Exporting submesh texture aliases...
21:31:32: Submesh texture aliases exported.
21:31:32: Submesh exported.
21:31:32: Writing submesh...
21:31:32: Exporting submesh texture aliases...
21:31:32: Submesh texture aliases exported.
21:31:32: Submesh exported.
21:31:32: Writing submesh...
21:31:32: Exporting submesh texture aliases...
21:31:32: Submesh texture aliases exported.
21:31:32: Submesh exported.
21:31:32: Writing submesh...
21:31:32: Exporting submesh texture aliases...
21:31:32: Submesh texture aliases exported.
21:31:32: Submesh exported.
21:31:32: Exporting bounds information....
21:31:32: Bounds information exported.
21:31:32: Exporting submesh name table...
21:31:32: Submesh name table exported.
21:31:32: Mesh data exported.
21:31:32: MeshSerializer export successful.
