19:25:29: XMLMeshSerializer reading mesh data from C:\Users\jacob\OneDrive\Escritorio\EXPORT\bank_course.mesh.xml...
19:25:29: Reading geometry...
19:25:29: Geometry done...
19:25:29: Reading submeshes...
19:25:29: Submeshes done.
19:25:29: Reading mesh names...
19:25:29: Mesh names done.
19:25:29: XMLMeshSerializer import successful.
19:25:29: MeshSerializer writing mesh data to stream C:\Users\jacob\OneDrive\Escritorio\EXPORT\bank_course.mesh...
19:25:29: File header written.
19:25:29: Writing mesh data...
19:25:29: Writing submesh...
19:25:29: Exporting submesh texture aliases...
19:25:29: Submesh texture aliases exported.
19:25:29: Submesh exported.
19:25:29: Writing submesh...
19:25:29: Exporting submesh texture aliases...
19:25:29: Submesh texture aliases exported.
19:25:29: Submesh exported.
19:25:29: Writing submesh...
19:25:29: Exporting submesh texture aliases...
19:25:29: Submesh texture aliases exported.
19:25:29: Submesh exported.
19:25:29: Writing submesh...
19:25:29: Exporting submesh texture aliases...
19:25:29: Submesh texture aliases exported.
19:25:29: Submesh exported.
19:25:29: Writing submesh...
19:25:29: Exporting submesh texture aliases...
19:25:29: Submesh texture aliases exported.
19:25:29: Submesh exported.
19:25:29: Writing submesh...
19:25:29: Exporting submesh texture aliases...
19:25:29: Submesh texture aliases exported.
19:25:29: Submesh exported.
19:25:29: Writing submesh...
19:25:29: Exporting submesh texture aliases...
19:25:29: Submesh texture aliases exported.
19:25:29: Submesh exported.
19:25:29: Writing submesh...
19:25:29: Exporting submesh texture aliases...
19:25:29: Submesh texture aliases exported.
19:25:29: Submesh exported.
19:25:29: Writing submesh...
19:25:29: Exporting submesh texture aliases...
19:25:29: Submesh texture aliases exported.
19:25:29: Submesh exported.
19:25:29: Writing submesh...
19:25:29: Exporting submesh texture aliases...
19:25:29: Submesh texture aliases exported.
19:25:29: Submesh exported.
19:25:29: Writing submesh...
19:25:29: Exporting submesh texture aliases...
19:25:29: Submesh texture aliases exported.
19:25:29: Submesh exported.
19:25:29: Writing submesh...
19:25:29: Exporting submesh texture aliases...
19:25:29: Submesh texture aliases exported.
19:25:29: Submesh exported.
19:25:29: Writing submesh...
19:25:29: Exporting submesh texture aliases...
19:25:29: Submesh texture aliases exported.
19:25:29: Submesh exported.
19:25:29: Writing submesh...
19:25:29: Exporting submesh texture aliases...
19:25:29: Submesh texture aliases exported.
19:25:29: Submesh exported.
19:25:29: Writing submesh...
19:25:29: Exporting submesh texture aliases...
19:25:29: Submesh texture aliases exported.
19:25:29: Submesh exported.
19:25:29: Exporting bounds information....
19:25:29: Bounds information exported.
19:25:29: Exporting submesh name table...
19:25:29: Submesh name table exported.
19:25:29: Mesh data exported.
19:25:29: MeshSerializer export successful.
