19:29:48: XMLMeshSerializer reading mesh data from C:\Users\jacob\OneDrive\Escritorio\G6 Assets\TestToWapo.mesh.xml...
19:29:48: Reading geometry...
19:29:48: Geometry done...
19:29:48: Reading submeshes...
19:29:48: Error: empty material name encountered. This violates the specs and can lead to crashes.
19:29:48: Submeshes done.
19:29:48: Reading mesh names...
19:29:48: Mesh names done.
19:29:48: XMLMeshSerializer import successful.
19:29:48: MeshSerializer writing mesh data to stream C:\Users\jacob\OneDrive\Escritorio\G6 Assets\TestToWapo.mesh...
19:29:48: File header written.
19:29:48: Writing mesh data...
19:29:48: Writing submesh...
19:29:48: Exporting submesh texture aliases...
19:29:48: Submesh texture aliases exported.
19:29:48: Submesh exported.
19:29:48: Writing submesh...
19:29:48: Exporting submesh texture aliases...
19:29:48: Submesh texture aliases exported.
19:29:48: Submesh exported.
19:29:48: Writing submesh...
19:29:48: Exporting submesh texture aliases...
19:29:48: Submesh texture aliases exported.
19:29:48: Submesh exported.
19:29:48: Writing submesh...
19:29:48: Exporting submesh texture aliases...
19:29:48: Submesh texture aliases exported.
19:29:48: Submesh exported.
19:29:48: Writing submesh...
19:29:48: Exporting submesh texture aliases...
19:29:48: Submesh texture aliases exported.
19:29:48: Submesh exported.
19:29:48: Writing submesh...
19:29:48: Exporting submesh texture aliases...
19:29:48: Submesh texture aliases exported.
19:29:48: Submesh exported.
19:29:48: Writing submesh...
19:29:48: Exporting submesh texture aliases...
19:29:48: Submesh texture aliases exported.
19:29:48: Submesh exported.
19:29:48: Writing submesh...
19:29:48: Exporting submesh texture aliases...
19:29:48: Submesh texture aliases exported.
19:29:48: Submesh exported.
19:29:48: Exporting bounds information....
19:29:48: Bounds information exported.
19:29:48: Exporting submesh name table...
19:29:48: Submesh name table exported.
19:29:48: Mesh data exported.
19:29:48: MeshSerializer export successful.
