18:07:13: XMLMeshSerializer reading mesh data from D:\datos GFM\uni\P3\recu\Juego-De-Autos\Juego_de_autos\Motor\Bin\Assets\Mesh\Environment\Torus.001.mesh.xml...
18:07:13: Reading geometry...
18:07:13: Geometry done...
18:07:13: Reading submeshes...
18:07:13: Submeshes done.
18:07:13: Reading mesh names...
18:07:13: Mesh names done.
18:07:13: XMLMeshSerializer import successful.
18:07:13: MeshSerializer writing mesh data to stream D:\datos GFM\uni\P3\recu\Juego-De-Autos\Juego_de_autos\Motor\Bin\Assets\Mesh\Environment\Torus.001.mesh...
18:07:13: File header written.
18:07:13: Writing mesh data...
18:07:13: Writing submesh...
18:07:13: Exporting submesh texture aliases...
18:07:13: Submesh texture aliases exported.
18:07:13: Submesh exported.
18:07:13: Exporting bounds information....
18:07:13: Bounds information exported.
18:07:13: Exporting submesh name table...
18:07:13: Submesh name table exported.
18:07:13: Mesh data exported.
18:07:13: MeshSerializer export successful.
