10:36:45: Creating resource group General
10:36:45: Creating resource group OgreInternal
10:36:45: Creating resource group OgreAutodetect
10:36:45: SceneManagerFactory for type 'DefaultSceneManager' registered.
10:36:45: Registering ResourceManager for type Material
10:36:45: Registering ResourceManager for type Mesh
10:36:45: Registering ResourceManager for type Skeleton
10:36:45: MovableObjectFactory for type 'ParticleSystem' registered.
10:36:45: ArchiveFactory for type 'FileSystem' registered
10:36:45: ArchiveFactory for type 'Zip' registered
10:36:45: ArchiveFactory for type 'EmbeddedZip' registered
10:36:45: DDS codec registering
10:36:45: ETC codec registering
10:36:45: ASTC codec registering
10:36:45: Registering ResourceManager for type GpuProgram
10:36:45: Registering ResourceManager for type Compositor
10:36:45: MovableObjectFactory for type 'Entity' registered.
10:36:45: MovableObjectFactory for type 'Light' registered.
10:36:45: MovableObjectFactory for type 'BillboardSet' registered.
10:36:45: MovableObjectFactory for type 'ManualObject' registered.
10:36:45: MovableObjectFactory for type 'BillboardChain' registered.
10:36:45: MovableObjectFactory for type 'RibbonTrail' registered.
10:36:45: MovableObjectFactory for type 'StaticGeometry' registered.
10:36:45: MovableObjectFactory for type 'Rectangle2D' registered.
10:36:45: Error: Cannot open file: plugins.cfg - skipping automatic plugin loading
10:36:45: *-*-* OGRE Initialising
10:36:45: *-*-* Version 13.6.1 (Tsathoggua)
