12:17:14: XMLMeshSerializer reading mesh data from C:\Users\jacob\OneDrive\Escritorio\Juego\Juego_de_autos\Motor\Bin\Assets\Mesh\Area02\Area02_Boosts.mesh.xml...
12:17:14: Reading geometry...
12:17:14: Geometry done...
12:17:14: Reading submeshes...
12:17:14: Submeshes done.
12:17:14: Reading mesh names...
12:17:14: Mesh names done.
12:17:14: XMLMeshSerializer import successful.
12:17:14: MeshSerializer writing mesh data to stream C:\Users\jacob\OneDrive\Escritorio\Juego\Juego_de_autos\Motor\Bin\Assets\Mesh\Area02\Area02_Boosts.mesh...
12:17:14: File header written.
12:17:14: Writing mesh data...
12:17:14: Writing submesh...
12:17:14: Exporting submesh texture aliases...
12:17:14: Submesh texture aliases exported.
12:17:14: Submesh exported.
12:17:14: Exporting bounds information....
12:17:14: Bounds information exported.
12:17:14: Exporting submesh name table...
12:17:14: Submesh name table exported.
12:17:14: Mesh data exported.
12:17:14: MeshSerializer export successful.
